The system is: Darwin - 13.4.0 - x86_64
Compiling the C compiler identification source file "CMakeCCompilerId.c" succeeded.
Compiler: /Applications/deal.II.app/Contents/Resources/opt/openmpi-1.6.5/bin/mpicc 
Build flags: 
Id flags: 

The output was:
0


Compilation of the C compiler identification source "CMakeCCompilerId.c" produced "a.out"

The C compiler identification is AppleClang, found in "/Users/lisa/Desktop/dealii/examples/myCodes/adaptiveNumberOfQuadraturePoints/CMakeFiles/3.2.1/CompilerIdC/a.out"

Compiling the CXX compiler identification source file "CMakeCXXCompilerId.cpp" succeeded.
Compiler: /Applications/deal.II.app/Contents/Resources/opt/openmpi-1.6.5/bin/mpic++ 
Build flags: 
Id flags: 

The output was:
0


Compilation of the CXX compiler identification source "CMakeCXXCompilerId.cpp" produced "a.out"

The CXX compiler identification is AppleClang, found in "/Users/lisa/Desktop/dealii/examples/myCodes/adaptiveNumberOfQuadraturePoints/CMakeFiles/3.2.1/CompilerIdCXX/a.out"

Determining if the C compiler works passed with the following output:
Change Dir: /Users/lisa/Desktop/dealii/examples/myCodes/adaptiveNumberOfQuadraturePoints/CMakeFiles/CMakeTmp

Run Build Command:"/usr/bin/make" "cmTryCompileExec2297547161/fast"
/Applications/Xcode.app/Contents/Developer/usr/bin/make -f CMakeFiles/cmTryCompileExec2297547161.dir/build.make CMakeFiles/cmTryCompileExec2297547161.dir/build
/Applications/CMake.app/Contents/bin/cmake -E cmake_progress_report /Users/lisa/Desktop/dealii/examples/myCodes/adaptiveNumberOfQuadraturePoints/CMakeFiles/CMakeTmp/CMakeFiles 1
Building C object CMakeFiles/cmTryCompileExec2297547161.dir/testCCompiler.c.o
/Applications/deal.II.app/Contents/Resources/opt/openmpi-1.6.5/bin/mpicc    -o CMakeFiles/cmTryCompileExec2297547161.dir/testCCompiler.c.o   -c /Users/lisa/Desktop/dealii/examples/myCodes/adaptiveNumberOfQuadraturePoints/CMakeFiles/CMakeTmp/testCCompiler.c
Linking C executable cmTryCompileExec2297547161
/Applications/CMake.app/Contents/bin/cmake -E cmake_link_script CMakeFiles/cmTryCompileExec2297547161.dir/link.txt --verbose=1
/Applications/deal.II.app/Contents/Resources/opt/openmpi-1.6.5/bin/mpicc    -Wl,-search_paths_first -Wl,-headerpad_max_install_names   CMakeFiles/cmTryCompileExec2297547161.dir/testCCompiler.c.o  -o cmTryCompileExec2297547161  


Detecting C compiler ABI info compiled with the following output:
Change Dir: /Users/lisa/Desktop/dealii/examples/myCodes/adaptiveNumberOfQuadraturePoints/CMakeFiles/CMakeTmp

Run Build Command:"/usr/bin/make" "cmTryCompileExec1747130171/fast"
/Applications/Xcode.app/Contents/Developer/usr/bin/make -f CMakeFiles/cmTryCompileExec1747130171.dir/build.make CMakeFiles/cmTryCompileExec1747130171.dir/build
/Applications/CMake.app/Contents/bin/cmake -E cmake_progress_report /Users/lisa/Desktop/dealii/examples/myCodes/adaptiveNumberOfQuadraturePoints/CMakeFiles/CMakeTmp/CMakeFiles 1
Building C object CMakeFiles/cmTryCompileExec1747130171.dir/CMakeCCompilerABI.c.o
/Applications/deal.II.app/Contents/Resources/opt/openmpi-1.6.5/bin/mpicc    -o CMakeFiles/cmTryCompileExec1747130171.dir/CMakeCCompilerABI.c.o   -c /Applications/CMake.app/Contents/share/cmake-3.2/Modules/CMakeCCompilerABI.c
Linking C executable cmTryCompileExec1747130171
/Applications/CMake.app/Contents/bin/cmake -E cmake_link_script CMakeFiles/cmTryCompileExec1747130171.dir/link.txt --verbose=1
/Applications/deal.II.app/Contents/Resources/opt/openmpi-1.6.5/bin/mpicc    -Wl,-search_paths_first -Wl,-headerpad_max_install_names  -v -Wl,-v CMakeFiles/cmTryCompileExec1747130171.dir/CMakeCCompilerABI.c.o  -o cmTryCompileExec1747130171   
Apple LLVM version 6.0 (clang-600.0.57) (based on LLVM 3.5svn)
Target: x86_64-apple-darwin13.4.0
Thread model: posix
 "/Applications/Xcode.app/Contents/Developer/Toolchains/XcodeDefault.xctoolchain/usr/bin/ld" -demangle -dynamic -arch x86_64 -macosx_version_min 10.9.0 -o cmTryCompileExec1747130171 -L/Applications/deal.II.app/Contents/Resources/opt/openmpi-1.6.5/lib -search_paths_first -headerpad_max_install_names -v CMakeFiles/cmTryCompileExec1747130171.dir/CMakeCCompilerABI.c.o -lmpi -lm -lSystem /Applications/Xcode.app/Contents/Developer/Toolchains/XcodeDefault.xctoolchain/usr/bin/../lib/clang/6.0/lib/darwin/libclang_rt.osx.a
@(#)PROGRAM:ld  PROJECT:ld64-241.9
configured to support archs: armv6 armv7 armv7s arm64 i386 x86_64 x86_64h armv6m armv7m armv7em
Library search paths:
	/Applications/deal.II.app/Contents/Resources/opt/openmpi-1.6.5/lib
	/usr/lib
	/usr/local/lib
Framework search paths:
	/Library/Frameworks/
	/System/Library/Frameworks/


Parsed C implicit link information from above output:
  link line regex: [^( *|.*[/\])(ld|([^/\]+-)?ld|collect2)[^/\]*( |$)]
  ignore line: [Change Dir: /Users/lisa/Desktop/dealii/examples/myCodes/adaptiveNumberOfQuadraturePoints/CMakeFiles/CMakeTmp]
  ignore line: []
  ignore line: [Run Build Command:"/usr/bin/make" "cmTryCompileExec1747130171/fast"]
  ignore line: [/Applications/Xcode.app/Contents/Developer/usr/bin/make -f CMakeFiles/cmTryCompileExec1747130171.dir/build.make CMakeFiles/cmTryCompileExec1747130171.dir/build]
  ignore line: [/Applications/CMake.app/Contents/bin/cmake -E cmake_progress_report /Users/lisa/Desktop/dealii/examples/myCodes/adaptiveNumberOfQuadraturePoints/CMakeFiles/CMakeTmp/CMakeFiles 1]
  ignore line: [Building C object CMakeFiles/cmTryCompileExec1747130171.dir/CMakeCCompilerABI.c.o]
  ignore line: [/Applications/deal.II.app/Contents/Resources/opt/openmpi-1.6.5/bin/mpicc    -o CMakeFiles/cmTryCompileExec1747130171.dir/CMakeCCompilerABI.c.o   -c /Applications/CMake.app/Contents/share/cmake-3.2/Modules/CMakeCCompilerABI.c]
  ignore line: [Linking C executable cmTryCompileExec1747130171]
  ignore line: [/Applications/CMake.app/Contents/bin/cmake -E cmake_link_script CMakeFiles/cmTryCompileExec1747130171.dir/link.txt --verbose=1]
  ignore line: [/Applications/deal.II.app/Contents/Resources/opt/openmpi-1.6.5/bin/mpicc    -Wl,-search_paths_first -Wl,-headerpad_max_install_names  -v -Wl,-v CMakeFiles/cmTryCompileExec1747130171.dir/CMakeCCompilerABI.c.o  -o cmTryCompileExec1747130171   ]
  ignore line: [Apple LLVM version 6.0 (clang-600.0.57) (based on LLVM 3.5svn)]
  ignore line: [Target: x86_64-apple-darwin13.4.0]
  ignore line: [Thread model: posix]
  link line: [ "/Applications/Xcode.app/Contents/Developer/Toolchains/XcodeDefault.xctoolchain/usr/bin/ld" -demangle -dynamic -arch x86_64 -macosx_version_min 10.9.0 -o cmTryCompileExec1747130171 -L/Applications/deal.II.app/Contents/Resources/opt/openmpi-1.6.5/lib -search_paths_first -headerpad_max_install_names -v CMakeFiles/cmTryCompileExec1747130171.dir/CMakeCCompilerABI.c.o -lmpi -lm -lSystem /Applications/Xcode.app/Contents/Developer/Toolchains/XcodeDefault.xctoolchain/usr/bin/../lib/clang/6.0/lib/darwin/libclang_rt.osx.a]
    arg [/Applications/Xcode.app/Contents/Developer/Toolchains/XcodeDefault.xctoolchain/usr/bin/ld] ==> ignore
    arg [-demangle] ==> ignore
    arg [-dynamic] ==> ignore
    arg [-arch] ==> ignore
    arg [x86_64] ==> ignore
    arg [-macosx_version_min] ==> ignore
    arg [10.9.0] ==> ignore
    arg [-o] ==> ignore
    arg [cmTryCompileExec1747130171] ==> ignore
    arg [-L/Applications/deal.II.app/Contents/Resources/opt/openmpi-1.6.5/lib] ==> dir [/Applications/deal.II.app/Contents/Resources/opt/openmpi-1.6.5/lib]
    arg [-search_paths_first] ==> ignore
    arg [-headerpad_max_install_names] ==> ignore
    arg [-v] ==> ignore
    arg [CMakeFiles/cmTryCompileExec1747130171.dir/CMakeCCompilerABI.c.o] ==> ignore
    arg [-lmpi] ==> lib [mpi]
    arg [-lm] ==> lib [m]
    arg [-lSystem] ==> lib [System]
    arg [/Applications/Xcode.app/Contents/Developer/Toolchains/XcodeDefault.xctoolchain/usr/bin/../lib/clang/6.0/lib/darwin/libclang_rt.osx.a] ==> lib [/Applications/Xcode.app/Contents/Developer/Toolchains/XcodeDefault.xctoolchain/usr/bin/../lib/clang/6.0/lib/darwin/libclang_rt.osx.a]
  Library search paths: [;/Applications/deal.II.app/Contents/Resources/opt/openmpi-1.6.5/lib;/usr/lib;/usr/local/lib]
  Framework search paths: [;/Library/Frameworks/;/System/Library/Frameworks/]
  remove lib [System]
  collapse lib [/Applications/Xcode.app/Contents/Developer/Toolchains/XcodeDefault.xctoolchain/usr/bin/../lib/clang/6.0/lib/darwin/libclang_rt.osx.a] ==> [/Applications/Xcode.app/Contents/Developer/Toolchains/XcodeDefault.xctoolchain/usr/lib/clang/6.0/lib/darwin/libclang_rt.osx.a]
  collapse library dir [/Applications/deal.II.app/Contents/Resources/opt/openmpi-1.6.5/lib] ==> [/Applications/deal.II.app/Contents/Resources/opt/openmpi-1.6.5/lib]
  collapse library dir [/Applications/deal.II.app/Contents/Resources/opt/openmpi-1.6.5/lib] ==> [/Applications/deal.II.app/Contents/Resources/opt/openmpi-1.6.5/lib]
  collapse library dir [/usr/lib] ==> [/usr/lib]
  collapse library dir [/usr/local/lib] ==> [/usr/local/lib]
  collapse framework dir [/Library/Frameworks/] ==> [/Library/Frameworks]
  collapse framework dir [/System/Library/Frameworks/] ==> [/System/Library/Frameworks]
  implicit libs: [mpi;m;/Applications/Xcode.app/Contents/Developer/Toolchains/XcodeDefault.xctoolchain/usr/lib/clang/6.0/lib/darwin/libclang_rt.osx.a]
  implicit dirs: [/Applications/deal.II.app/Contents/Resources/opt/openmpi-1.6.5/lib;/usr/lib;/usr/local/lib]
  implicit fwks: [/Library/Frameworks;/System/Library/Frameworks]




Detecting C [-std=c11] compiler features compiled with the following output:
Change Dir: /Users/lisa/Desktop/dealii/examples/myCodes/adaptiveNumberOfQuadraturePoints/CMakeFiles/CMakeTmp

Run Build Command:"/usr/bin/make" "cmTryCompileExec231437314/fast"
/Applications/Xcode.app/Contents/Developer/usr/bin/make -f CMakeFiles/cmTryCompileExec231437314.dir/build.make CMakeFiles/cmTryCompileExec231437314.dir/build
/Applications/CMake.app/Contents/bin/cmake -E cmake_progress_report /Users/lisa/Desktop/dealii/examples/myCodes/adaptiveNumberOfQuadraturePoints/CMakeFiles/CMakeTmp/CMakeFiles 1
Building C object CMakeFiles/cmTryCompileExec231437314.dir/feature_tests.c.o
/Applications/deal.II.app/Contents/Resources/opt/openmpi-1.6.5/bin/mpicc   -std=c11 -o CMakeFiles/cmTryCompileExec231437314.dir/feature_tests.c.o   -c /Users/lisa/Desktop/dealii/examples/myCodes/adaptiveNumberOfQuadraturePoints/CMakeFiles/feature_tests.c
Linking C executable cmTryCompileExec231437314
/Applications/CMake.app/Contents/bin/cmake -E cmake_link_script CMakeFiles/cmTryCompileExec231437314.dir/link.txt --verbose=1
/Applications/deal.II.app/Contents/Resources/opt/openmpi-1.6.5/bin/mpicc    -Wl,-search_paths_first -Wl,-headerpad_max_install_names   CMakeFiles/cmTryCompileExec231437314.dir/feature_tests.c.o  -o cmTryCompileExec231437314  


    Feature record: C_FEATURE:1c_function_prototypes
    Feature record: C_FEATURE:1c_restrict
    Feature record: C_FEATURE:1c_static_assert
    Feature record: C_FEATURE:1c_variadic_macros


Detecting C [-std=c99] compiler features compiled with the following output:
Change Dir: /Users/lisa/Desktop/dealii/examples/myCodes/adaptiveNumberOfQuadraturePoints/CMakeFiles/CMakeTmp

Run Build Command:"/usr/bin/make" "cmTryCompileExec1911130274/fast"
/Applications/Xcode.app/Contents/Developer/usr/bin/make -f CMakeFiles/cmTryCompileExec1911130274.dir/build.make CMakeFiles/cmTryCompileExec1911130274.dir/build
/Applications/CMake.app/Contents/bin/cmake -E cmake_progress_report /Users/lisa/Desktop/dealii/examples/myCodes/adaptiveNumberOfQuadraturePoints/CMakeFiles/CMakeTmp/CMakeFiles 1
Building C object CMakeFiles/cmTryCompileExec1911130274.dir/feature_tests.c.o
/Applications/deal.II.app/Contents/Resources/opt/openmpi-1.6.5/bin/mpicc   -std=c99 -o CMakeFiles/cmTryCompileExec1911130274.dir/feature_tests.c.o   -c /Users/lisa/Desktop/dealii/examples/myCodes/adaptiveNumberOfQuadraturePoints/CMakeFiles/feature_tests.c
Linking C executable cmTryCompileExec1911130274
/Applications/CMake.app/Contents/bin/cmake -E cmake_link_script CMakeFiles/cmTryCompileExec1911130274.dir/link.txt --verbose=1
/Applications/deal.II.app/Contents/Resources/opt/openmpi-1.6.5/bin/mpicc    -Wl,-search_paths_first -Wl,-headerpad_max_install_names   CMakeFiles/cmTryCompileExec1911130274.dir/feature_tests.c.o  -o cmTryCompileExec1911130274  


    Feature record: C_FEATURE:1c_function_prototypes
    Feature record: C_FEATURE:1c_restrict
    Feature record: C_FEATURE:0c_static_assert
    Feature record: C_FEATURE:1c_variadic_macros


Detecting C [-std=c90] compiler features compiled with the following output:
Change Dir: /Users/lisa/Desktop/dealii/examples/myCodes/adaptiveNumberOfQuadraturePoints/CMakeFiles/CMakeTmp

Run Build Command:"/usr/bin/make" "cmTryCompileExec979298551/fast"
/Applications/Xcode.app/Contents/Developer/usr/bin/make -f CMakeFiles/cmTryCompileExec979298551.dir/build.make CMakeFiles/cmTryCompileExec979298551.dir/build
/Applications/CMake.app/Contents/bin/cmake -E cmake_progress_report /Users/lisa/Desktop/dealii/examples/myCodes/adaptiveNumberOfQuadraturePoints/CMakeFiles/CMakeTmp/CMakeFiles 1
Building C object CMakeFiles/cmTryCompileExec979298551.dir/feature_tests.c.o
/Applications/deal.II.app/Contents/Resources/opt/openmpi-1.6.5/bin/mpicc   -std=c90 -o CMakeFiles/cmTryCompileExec979298551.dir/feature_tests.c.o   -c /Users/lisa/Desktop/dealii/examples/myCodes/adaptiveNumberOfQuadraturePoints/CMakeFiles/feature_tests.c
Linking C executable cmTryCompileExec979298551
/Applications/CMake.app/Contents/bin/cmake -E cmake_link_script CMakeFiles/cmTryCompileExec979298551.dir/link.txt --verbose=1
/Applications/deal.II.app/Contents/Resources/opt/openmpi-1.6.5/bin/mpicc    -Wl,-search_paths_first -Wl,-headerpad_max_install_names   CMakeFiles/cmTryCompileExec979298551.dir/feature_tests.c.o  -o cmTryCompileExec979298551  


    Feature record: C_FEATURE:1c_function_prototypes
    Feature record: C_FEATURE:0c_restrict
    Feature record: C_FEATURE:0c_static_assert
    Feature record: C_FEATURE:0c_variadic_macros
Determining if the CXX compiler works passed with the following output:
Change Dir: /Users/lisa/Desktop/dealii/examples/myCodes/adaptiveNumberOfQuadraturePoints/CMakeFiles/CMakeTmp

Run Build Command:"/usr/bin/make" "cmTryCompileExec10574716/fast"
/Applications/Xcode.app/Contents/Developer/usr/bin/make -f CMakeFiles/cmTryCompileExec10574716.dir/build.make CMakeFiles/cmTryCompileExec10574716.dir/build
/Applications/CMake.app/Contents/bin/cmake -E cmake_progress_report /Users/lisa/Desktop/dealii/examples/myCodes/adaptiveNumberOfQuadraturePoints/CMakeFiles/CMakeTmp/CMakeFiles 1
Building CXX object CMakeFiles/cmTryCompileExec10574716.dir/testCXXCompiler.cxx.o
/Applications/deal.II.app/Contents/Resources/opt/openmpi-1.6.5/bin/mpic++     -o CMakeFiles/cmTryCompileExec10574716.dir/testCXXCompiler.cxx.o -c /Users/lisa/Desktop/dealii/examples/myCodes/adaptiveNumberOfQuadraturePoints/CMakeFiles/CMakeTmp/testCXXCompiler.cxx
Linking CXX executable cmTryCompileExec10574716
/Applications/CMake.app/Contents/bin/cmake -E cmake_link_script CMakeFiles/cmTryCompileExec10574716.dir/link.txt --verbose=1
/Applications/deal.II.app/Contents/Resources/opt/openmpi-1.6.5/bin/mpic++     -Wl,-search_paths_first -Wl,-headerpad_max_install_names   CMakeFiles/cmTryCompileExec10574716.dir/testCXXCompiler.cxx.o  -o cmTryCompileExec10574716  


Detecting CXX compiler ABI info compiled with the following output:
Change Dir: /Users/lisa/Desktop/dealii/examples/myCodes/adaptiveNumberOfQuadraturePoints/CMakeFiles/CMakeTmp

Run Build Command:"/usr/bin/make" "cmTryCompileExec85253515/fast"
/Applications/Xcode.app/Contents/Developer/usr/bin/make -f CMakeFiles/cmTryCompileExec85253515.dir/build.make CMakeFiles/cmTryCompileExec85253515.dir/build
/Applications/CMake.app/Contents/bin/cmake -E cmake_progress_report /Users/lisa/Desktop/dealii/examples/myCodes/adaptiveNumberOfQuadraturePoints/CMakeFiles/CMakeTmp/CMakeFiles 1
Building CXX object CMakeFiles/cmTryCompileExec85253515.dir/CMakeCXXCompilerABI.cpp.o
/Applications/deal.II.app/Contents/Resources/opt/openmpi-1.6.5/bin/mpic++     -o CMakeFiles/cmTryCompileExec85253515.dir/CMakeCXXCompilerABI.cpp.o -c /Applications/CMake.app/Contents/share/cmake-3.2/Modules/CMakeCXXCompilerABI.cpp
Linking CXX executable cmTryCompileExec85253515
/Applications/CMake.app/Contents/bin/cmake -E cmake_link_script CMakeFiles/cmTryCompileExec85253515.dir/link.txt --verbose=1
/Applications/deal.II.app/Contents/Resources/opt/openmpi-1.6.5/bin/mpic++     -Wl,-search_paths_first -Wl,-headerpad_max_install_names  -v -Wl,-v CMakeFiles/cmTryCompileExec85253515.dir/CMakeCXXCompilerABI.cpp.o  -o cmTryCompileExec85253515   
Apple LLVM version 6.0 (clang-600.0.57) (based on LLVM 3.5svn)
Target: x86_64-apple-darwin13.4.0
Thread model: posix
 "/Applications/Xcode.app/Contents/Developer/Toolchains/XcodeDefault.xctoolchain/usr/bin/ld" -demangle -dynamic -arch x86_64 -macosx_version_min 10.9.0 -o cmTryCompileExec85253515 -L/Applications/deal.II.app/Contents/Resources/opt/openmpi-1.6.5/lib -search_paths_first -headerpad_max_install_names -v CMakeFiles/cmTryCompileExec85253515.dir/CMakeCXXCompilerABI.cpp.o -lmpi_cxx -lmpi -lm -lc++ -lSystem /Applications/Xcode.app/Contents/Developer/Toolchains/XcodeDefault.xctoolchain/usr/bin/../lib/clang/6.0/lib/darwin/libclang_rt.osx.a
@(#)PROGRAM:ld  PROJECT:ld64-241.9
configured to support archs: armv6 armv7 armv7s arm64 i386 x86_64 x86_64h armv6m armv7m armv7em
Library search paths:
	/Applications/deal.II.app/Contents/Resources/opt/openmpi-1.6.5/lib
	/usr/lib
	/usr/local/lib
Framework search paths:
	/Library/Frameworks/
	/System/Library/Frameworks/


Parsed CXX implicit link information from above output:
  link line regex: [^( *|.*[/\])(ld|([^/\]+-)?ld|collect2)[^/\]*( |$)]
  ignore line: [Change Dir: /Users/lisa/Desktop/dealii/examples/myCodes/adaptiveNumberOfQuadraturePoints/CMakeFiles/CMakeTmp]
  ignore line: []
  ignore line: [Run Build Command:"/usr/bin/make" "cmTryCompileExec85253515/fast"]
  ignore line: [/Applications/Xcode.app/Contents/Developer/usr/bin/make -f CMakeFiles/cmTryCompileExec85253515.dir/build.make CMakeFiles/cmTryCompileExec85253515.dir/build]
  ignore line: [/Applications/CMake.app/Contents/bin/cmake -E cmake_progress_report /Users/lisa/Desktop/dealii/examples/myCodes/adaptiveNumberOfQuadraturePoints/CMakeFiles/CMakeTmp/CMakeFiles 1]
  ignore line: [Building CXX object CMakeFiles/cmTryCompileExec85253515.dir/CMakeCXXCompilerABI.cpp.o]
  ignore line: [/Applications/deal.II.app/Contents/Resources/opt/openmpi-1.6.5/bin/mpic++     -o CMakeFiles/cmTryCompileExec85253515.dir/CMakeCXXCompilerABI.cpp.o -c /Applications/CMake.app/Contents/share/cmake-3.2/Modules/CMakeCXXCompilerABI.cpp]
  ignore line: [Linking CXX executable cmTryCompileExec85253515]
  ignore line: [/Applications/CMake.app/Contents/bin/cmake -E cmake_link_script CMakeFiles/cmTryCompileExec85253515.dir/link.txt --verbose=1]
  ignore line: [/Applications/deal.II.app/Contents/Resources/opt/openmpi-1.6.5/bin/mpic++     -Wl,-search_paths_first -Wl,-headerpad_max_install_names  -v -Wl,-v CMakeFiles/cmTryCompileExec85253515.dir/CMakeCXXCompilerABI.cpp.o  -o cmTryCompileExec85253515   ]
  ignore line: [Apple LLVM version 6.0 (clang-600.0.57) (based on LLVM 3.5svn)]
  ignore line: [Target: x86_64-apple-darwin13.4.0]
  ignore line: [Thread model: posix]
  link line: [ "/Applications/Xcode.app/Contents/Developer/Toolchains/XcodeDefault.xctoolchain/usr/bin/ld" -demangle -dynamic -arch x86_64 -macosx_version_min 10.9.0 -o cmTryCompileExec85253515 -L/Applications/deal.II.app/Contents/Resources/opt/openmpi-1.6.5/lib -search_paths_first -headerpad_max_install_names -v CMakeFiles/cmTryCompileExec85253515.dir/CMakeCXXCompilerABI.cpp.o -lmpi_cxx -lmpi -lm -lc++ -lSystem /Applications/Xcode.app/Contents/Developer/Toolchains/XcodeDefault.xctoolchain/usr/bin/../lib/clang/6.0/lib/darwin/libclang_rt.osx.a]
    arg [/Applications/Xcode.app/Contents/Developer/Toolchains/XcodeDefault.xctoolchain/usr/bin/ld] ==> ignore
    arg [-demangle] ==> ignore
    arg [-dynamic] ==> ignore
    arg [-arch] ==> ignore
    arg [x86_64] ==> ignore
    arg [-macosx_version_min] ==> ignore
    arg [10.9.0] ==> ignore
    arg [-o] ==> ignore
    arg [cmTryCompileExec85253515] ==> ignore
    arg [-L/Applications/deal.II.app/Contents/Resources/opt/openmpi-1.6.5/lib] ==> dir [/Applications/deal.II.app/Contents/Resources/opt/openmpi-1.6.5/lib]
    arg [-search_paths_first] ==> ignore
    arg [-headerpad_max_install_names] ==> ignore
    arg [-v] ==> ignore
    arg [CMakeFiles/cmTryCompileExec85253515.dir/CMakeCXXCompilerABI.cpp.o] ==> ignore
    arg [-lmpi_cxx] ==> lib [mpi_cxx]
    arg [-lmpi] ==> lib [mpi]
    arg [-lm] ==> lib [m]
    arg [-lc++] ==> lib [c++]
    arg [-lSystem] ==> lib [System]
    arg [/Applications/Xcode.app/Contents/Developer/Toolchains/XcodeDefault.xctoolchain/usr/bin/../lib/clang/6.0/lib/darwin/libclang_rt.osx.a] ==> lib [/Applications/Xcode.app/Contents/Developer/Toolchains/XcodeDefault.xctoolchain/usr/bin/../lib/clang/6.0/lib/darwin/libclang_rt.osx.a]
  Library search paths: [;/Applications/deal.II.app/Contents/Resources/opt/openmpi-1.6.5/lib;/usr/lib;/usr/local/lib]
  Framework search paths: [;/Library/Frameworks/;/System/Library/Frameworks/]
  remove lib [System]
  collapse lib [/Applications/Xcode.app/Contents/Developer/Toolchains/XcodeDefault.xctoolchain/usr/bin/../lib/clang/6.0/lib/darwin/libclang_rt.osx.a] ==> [/Applications/Xcode.app/Contents/Developer/Toolchains/XcodeDefault.xctoolchain/usr/lib/clang/6.0/lib/darwin/libclang_rt.osx.a]
  collapse library dir [/Applications/deal.II.app/Contents/Resources/opt/openmpi-1.6.5/lib] ==> [/Applications/deal.II.app/Contents/Resources/opt/openmpi-1.6.5/lib]
  collapse library dir [/Applications/deal.II.app/Contents/Resources/opt/openmpi-1.6.5/lib] ==> [/Applications/deal.II.app/Contents/Resources/opt/openmpi-1.6.5/lib]
  collapse library dir [/usr/lib] ==> [/usr/lib]
  collapse library dir [/usr/local/lib] ==> [/usr/local/lib]
  collapse framework dir [/Library/Frameworks/] ==> [/Library/Frameworks]
  collapse framework dir [/System/Library/Frameworks/] ==> [/System/Library/Frameworks]
  implicit libs: [mpi_cxx;mpi;m;c++;/Applications/Xcode.app/Contents/Developer/Toolchains/XcodeDefault.xctoolchain/usr/lib/clang/6.0/lib/darwin/libclang_rt.osx.a]
  implicit dirs: [/Applications/deal.II.app/Contents/Resources/opt/openmpi-1.6.5/lib;/usr/lib;/usr/local/lib]
  implicit fwks: [/Library/Frameworks;/System/Library/Frameworks]




Detecting CXX [-std=c++1y] compiler features compiled with the following output:
Change Dir: /Users/lisa/Desktop/dealii/examples/myCodes/adaptiveNumberOfQuadraturePoints/CMakeFiles/CMakeTmp

Run Build Command:"/usr/bin/make" "cmTryCompileExec3445962826/fast"
/Applications/Xcode.app/Contents/Developer/usr/bin/make -f CMakeFiles/cmTryCompileExec3445962826.dir/build.make CMakeFiles/cmTryCompileExec3445962826.dir/build
/Applications/CMake.app/Contents/bin/cmake -E cmake_progress_report /Users/lisa/Desktop/dealii/examples/myCodes/adaptiveNumberOfQuadraturePoints/CMakeFiles/CMakeTmp/CMakeFiles 1
Building CXX object CMakeFiles/cmTryCompileExec3445962826.dir/feature_tests.cxx.o
/Applications/deal.II.app/Contents/Resources/opt/openmpi-1.6.5/bin/mpic++    -std=c++1y -o CMakeFiles/cmTryCompileExec3445962826.dir/feature_tests.cxx.o -c /Users/lisa/Desktop/dealii/examples/myCodes/adaptiveNumberOfQuadraturePoints/CMakeFiles/feature_tests.cxx
Linking CXX executable cmTryCompileExec3445962826
/Applications/CMake.app/Contents/bin/cmake -E cmake_link_script CMakeFiles/cmTryCompileExec3445962826.dir/link.txt --verbose=1
/Applications/deal.II.app/Contents/Resources/opt/openmpi-1.6.5/bin/mpic++     -Wl,-search_paths_first -Wl,-headerpad_max_install_names   CMakeFiles/cmTryCompileExec3445962826.dir/feature_tests.cxx.o  -o cmTryCompileExec3445962826  


    Feature record: CXX_FEATURE:1cxx_aggregate_default_initializers
    Feature record: CXX_FEATURE:1cxx_alias_templates
    Feature record: CXX_FEATURE:1cxx_alignas
    Feature record: CXX_FEATURE:1cxx_alignof
    Feature record: CXX_FEATURE:1cxx_attributes
    Feature record: CXX_FEATURE:1cxx_attribute_deprecated
    Feature record: CXX_FEATURE:1cxx_auto_type
    Feature record: CXX_FEATURE:1cxx_binary_literals
    Feature record: CXX_FEATURE:1cxx_constexpr
    Feature record: CXX_FEATURE:1cxx_contextual_conversions
    Feature record: CXX_FEATURE:1cxx_decltype
    Feature record: CXX_FEATURE:1cxx_decltype_auto
    Feature record: CXX_FEATURE:1cxx_decltype_incomplete_return_types
    Feature record: CXX_FEATURE:1cxx_default_function_template_args
    Feature record: CXX_FEATURE:1cxx_defaulted_functions
    Feature record: CXX_FEATURE:1cxx_defaulted_move_initializers
    Feature record: CXX_FEATURE:1cxx_delegating_constructors
    Feature record: CXX_FEATURE:1cxx_deleted_functions
    Feature record: CXX_FEATURE:1cxx_digit_separators
    Feature record: CXX_FEATURE:1cxx_enum_forward_declarations
    Feature record: CXX_FEATURE:1cxx_explicit_conversions
    Feature record: CXX_FEATURE:1cxx_extended_friend_declarations
    Feature record: CXX_FEATURE:1cxx_extern_templates
    Feature record: CXX_FEATURE:1cxx_final
    Feature record: CXX_FEATURE:1cxx_func_identifier
    Feature record: CXX_FEATURE:1cxx_generalized_initializers
    Feature record: CXX_FEATURE:1cxx_generic_lambdas
    Feature record: CXX_FEATURE:1cxx_inheriting_constructors
    Feature record: CXX_FEATURE:1cxx_inline_namespaces
    Feature record: CXX_FEATURE:1cxx_lambdas
    Feature record: CXX_FEATURE:1cxx_lambda_init_captures
    Feature record: CXX_FEATURE:1cxx_local_type_template_args
    Feature record: CXX_FEATURE:1cxx_long_long_type
    Feature record: CXX_FEATURE:1cxx_noexcept
    Feature record: CXX_FEATURE:1cxx_nonstatic_member_init
    Feature record: CXX_FEATURE:1cxx_nullptr
    Feature record: CXX_FEATURE:1cxx_override
    Feature record: CXX_FEATURE:1cxx_range_for
    Feature record: CXX_FEATURE:1cxx_raw_string_literals
    Feature record: CXX_FEATURE:1cxx_reference_qualified_functions
    Feature record: CXX_FEATURE:1cxx_relaxed_constexpr
    Feature record: CXX_FEATURE:1cxx_return_type_deduction
    Feature record: CXX_FEATURE:1cxx_right_angle_brackets
    Feature record: CXX_FEATURE:1cxx_rvalue_references
    Feature record: CXX_FEATURE:1cxx_sizeof_member
    Feature record: CXX_FEATURE:1cxx_static_assert
    Feature record: CXX_FEATURE:1cxx_strong_enums
    Feature record: CXX_FEATURE:1cxx_template_template_parameters
    Feature record: CXX_FEATURE:0cxx_thread_local
    Feature record: CXX_FEATURE:1cxx_trailing_return_types
    Feature record: CXX_FEATURE:1cxx_unicode_literals
    Feature record: CXX_FEATURE:1cxx_uniform_initialization
    Feature record: CXX_FEATURE:1cxx_unrestricted_unions
    Feature record: CXX_FEATURE:1cxx_user_literals
    Feature record: CXX_FEATURE:1cxx_variable_templates
    Feature record: CXX_FEATURE:1cxx_variadic_macros
    Feature record: CXX_FEATURE:1cxx_variadic_templates


Detecting CXX [-std=c++11] compiler features compiled with the following output:
Change Dir: /Users/lisa/Desktop/dealii/examples/myCodes/adaptiveNumberOfQuadraturePoints/CMakeFiles/CMakeTmp

Run Build Command:"/usr/bin/make" "cmTryCompileExec1608316667/fast"
/Applications/Xcode.app/Contents/Developer/usr/bin/make -f CMakeFiles/cmTryCompileExec1608316667.dir/build.make CMakeFiles/cmTryCompileExec1608316667.dir/build
/Applications/CMake.app/Contents/bin/cmake -E cmake_progress_report /Users/lisa/Desktop/dealii/examples/myCodes/adaptiveNumberOfQuadraturePoints/CMakeFiles/CMakeTmp/CMakeFiles 1
Building CXX object CMakeFiles/cmTryCompileExec1608316667.dir/feature_tests.cxx.o
/Applications/deal.II.app/Contents/Resources/opt/openmpi-1.6.5/bin/mpic++    -std=c++11 -o CMakeFiles/cmTryCompileExec1608316667.dir/feature_tests.cxx.o -c /Users/lisa/Desktop/dealii/examples/myCodes/adaptiveNumberOfQuadraturePoints/CMakeFiles/feature_tests.cxx
Linking CXX executable cmTryCompileExec1608316667
/Applications/CMake.app/Contents/bin/cmake -E cmake_link_script CMakeFiles/cmTryCompileExec1608316667.dir/link.txt --verbose=1
/Applications/deal.II.app/Contents/Resources/opt/openmpi-1.6.5/bin/mpic++     -Wl,-search_paths_first -Wl,-headerpad_max_install_names   CMakeFiles/cmTryCompileExec1608316667.dir/feature_tests.cxx.o  -o cmTryCompileExec1608316667  


    Feature record: CXX_FEATURE:0cxx_aggregate_default_initializers
    Feature record: CXX_FEATURE:1cxx_alias_templates
    Feature record: CXX_FEATURE:1cxx_alignas
    Feature record: CXX_FEATURE:1cxx_alignof
    Feature record: CXX_FEATURE:1cxx_attributes
    Feature record: CXX_FEATURE:0cxx_attribute_deprecated
    Feature record: CXX_FEATURE:1cxx_auto_type
    Feature record: CXX_FEATURE:0cxx_binary_literals
    Feature record: CXX_FEATURE:1cxx_constexpr
    Feature record: CXX_FEATURE:0cxx_contextual_conversions
    Feature record: CXX_FEATURE:1cxx_decltype
    Feature record: CXX_FEATURE:0cxx_decltype_auto
    Feature record: CXX_FEATURE:1cxx_decltype_incomplete_return_types
    Feature record: CXX_FEATURE:1cxx_default_function_template_args
    Feature record: CXX_FEATURE:1cxx_defaulted_functions
    Feature record: CXX_FEATURE:1cxx_defaulted_move_initializers
    Feature record: CXX_FEATURE:1cxx_delegating_constructors
    Feature record: CXX_FEATURE:1cxx_deleted_functions
    Feature record: CXX_FEATURE:0cxx_digit_separators
    Feature record: CXX_FEATURE:1cxx_enum_forward_declarations
    Feature record: CXX_FEATURE:1cxx_explicit_conversions
    Feature record: CXX_FEATURE:1cxx_extended_friend_declarations
    Feature record: CXX_FEATURE:1cxx_extern_templates
    Feature record: CXX_FEATURE:1cxx_final
    Feature record: CXX_FEATURE:1cxx_func_identifier
    Feature record: CXX_FEATURE:1cxx_generalized_initializers
    Feature record: CXX_FEATURE:0cxx_generic_lambdas
    Feature record: CXX_FEATURE:1cxx_inheriting_constructors
    Feature record: CXX_FEATURE:1cxx_inline_namespaces
    Feature record: CXX_FEATURE:1cxx_lambdas
    Feature record: CXX_FEATURE:0cxx_lambda_init_captures
    Feature record: CXX_FEATURE:1cxx_local_type_template_args
    Feature record: CXX_FEATURE:1cxx_long_long_type
    Feature record: CXX_FEATURE:1cxx_noexcept
    Feature record: CXX_FEATURE:1cxx_nonstatic_member_init
    Feature record: CXX_FEATURE:1cxx_nullptr
    Feature record: CXX_FEATURE:1cxx_override
    Feature record: CXX_FEATURE:1cxx_range_for
    Feature record: CXX_FEATURE:1cxx_raw_string_literals
    Feature record: CXX_FEATURE:1cxx_reference_qualified_functions
    Feature record: CXX_FEATURE:0cxx_relaxed_constexpr
    Feature record: CXX_FEATURE:0cxx_return_type_deduction
    Feature record: CXX_FEATURE:1cxx_right_angle_brackets
    Feature record: CXX_FEATURE:1cxx_rvalue_references
    Feature record: CXX_FEATURE:1cxx_sizeof_member
    Feature record: CXX_FEATURE:1cxx_static_assert
    Feature record: CXX_FEATURE:1cxx_strong_enums
    Feature record: CXX_FEATURE:1cxx_template_template_parameters
    Feature record: CXX_FEATURE:0cxx_thread_local
    Feature record: CXX_FEATURE:1cxx_trailing_return_types
    Feature record: CXX_FEATURE:1cxx_unicode_literals
    Feature record: CXX_FEATURE:1cxx_uniform_initialization
    Feature record: CXX_FEATURE:1cxx_unrestricted_unions
    Feature record: CXX_FEATURE:1cxx_user_literals
    Feature record: CXX_FEATURE:0cxx_variable_templates
    Feature record: CXX_FEATURE:1cxx_variadic_macros
    Feature record: CXX_FEATURE:1cxx_variadic_templates


Detecting CXX [-std=c++98] compiler features compiled with the following output:
Change Dir: /Users/lisa/Desktop/dealii/examples/myCodes/adaptiveNumberOfQuadraturePoints/CMakeFiles/CMakeTmp

Run Build Command:"/usr/bin/make" "cmTryCompileExec3010452281/fast"
/Applications/Xcode.app/Contents/Developer/usr/bin/make -f CMakeFiles/cmTryCompileExec3010452281.dir/build.make CMakeFiles/cmTryCompileExec3010452281.dir/build
/Applications/CMake.app/Contents/bin/cmake -E cmake_progress_report /Users/lisa/Desktop/dealii/examples/myCodes/adaptiveNumberOfQuadraturePoints/CMakeFiles/CMakeTmp/CMakeFiles 1
Building CXX object CMakeFiles/cmTryCompileExec3010452281.dir/feature_tests.cxx.o
/Applications/deal.II.app/Contents/Resources/opt/openmpi-1.6.5/bin/mpic++    -std=c++98 -o CMakeFiles/cmTryCompileExec3010452281.dir/feature_tests.cxx.o -c /Users/lisa/Desktop/dealii/examples/myCodes/adaptiveNumberOfQuadraturePoints/CMakeFiles/feature_tests.cxx
Linking CXX executable cmTryCompileExec3010452281
/Applications/CMake.app/Contents/bin/cmake -E cmake_link_script CMakeFiles/cmTryCompileExec3010452281.dir/link.txt --verbose=1
/Applications/deal.II.app/Contents/Resources/opt/openmpi-1.6.5/bin/mpic++     -Wl,-search_paths_first -Wl,-headerpad_max_install_names   CMakeFiles/cmTryCompileExec3010452281.dir/feature_tests.cxx.o  -o cmTryCompileExec3010452281  


    Feature record: CXX_FEATURE:0cxx_aggregate_default_initializers
    Feature record: CXX_FEATURE:0cxx_alias_templates
    Feature record: CXX_FEATURE:0cxx_alignas
    Feature record: CXX_FEATURE:0cxx_alignof
    Feature record: CXX_FEATURE:0cxx_attributes
    Feature record: CXX_FEATURE:0cxx_attribute_deprecated
    Feature record: CXX_FEATURE:0cxx_auto_type
    Feature record: CXX_FEATURE:0cxx_binary_literals
    Feature record: CXX_FEATURE:0cxx_constexpr
    Feature record: CXX_FEATURE:0cxx_contextual_conversions
    Feature record: CXX_FEATURE:0cxx_decltype
    Feature record: CXX_FEATURE:0cxx_decltype_auto
    Feature record: CXX_FEATURE:0cxx_decltype_incomplete_return_types
    Feature record: CXX_FEATURE:0cxx_default_function_template_args
    Feature record: CXX_FEATURE:0cxx_defaulted_functions
    Feature record: CXX_FEATURE:0cxx_defaulted_move_initializers
    Feature record: CXX_FEATURE:0cxx_delegating_constructors
    Feature record: CXX_FEATURE:0cxx_deleted_functions
    Feature record: CXX_FEATURE:0cxx_digit_separators
    Feature record: CXX_FEATURE:0cxx_enum_forward_declarations
    Feature record: CXX_FEATURE:0cxx_explicit_conversions
    Feature record: CXX_FEATURE:0cxx_extended_friend_declarations
    Feature record: CXX_FEATURE:0cxx_extern_templates
    Feature record: CXX_FEATURE:0cxx_final
    Feature record: CXX_FEATURE:0cxx_func_identifier
    Feature record: CXX_FEATURE:0cxx_generalized_initializers
    Feature record: CXX_FEATURE:0cxx_generic_lambdas
    Feature record: CXX_FEATURE:0cxx_inheriting_constructors
    Feature record: CXX_FEATURE:0cxx_inline_namespaces
    Feature record: CXX_FEATURE:0cxx_lambdas
    Feature record: CXX_FEATURE:0cxx_lambda_init_captures
    Feature record: CXX_FEATURE:0cxx_local_type_template_args
    Feature record: CXX_FEATURE:0cxx_long_long_type
    Feature record: CXX_FEATURE:0cxx_noexcept
    Feature record: CXX_FEATURE:0cxx_nonstatic_member_init
    Feature record: CXX_FEATURE:0cxx_nullptr
    Feature record: CXX_FEATURE:0cxx_override
    Feature record: CXX_FEATURE:0cxx_range_for
    Feature record: CXX_FEATURE:0cxx_raw_string_literals
    Feature record: CXX_FEATURE:0cxx_reference_qualified_functions
    Feature record: CXX_FEATURE:0cxx_relaxed_constexpr
    Feature record: CXX_FEATURE:0cxx_return_type_deduction
    Feature record: CXX_FEATURE:0cxx_right_angle_brackets
    Feature record: CXX_FEATURE:0cxx_rvalue_references
    Feature record: CXX_FEATURE:0cxx_sizeof_member
    Feature record: CXX_FEATURE:0cxx_static_assert
    Feature record: CXX_FEATURE:0cxx_strong_enums
    Feature record: CXX_FEATURE:1cxx_template_template_parameters
    Feature record: CXX_FEATURE:0cxx_thread_local
    Feature record: CXX_FEATURE:0cxx_trailing_return_types
    Feature record: CXX_FEATURE:0cxx_unicode_literals
    Feature record: CXX_FEATURE:0cxx_uniform_initialization
    Feature record: CXX_FEATURE:0cxx_unrestricted_unions
    Feature record: CXX_FEATURE:0cxx_user_literals
    Feature record: CXX_FEATURE:0cxx_variable_templates
    Feature record: CXX_FEATURE:0cxx_variadic_macros
    Feature record: CXX_FEATURE:0cxx_variadic_templates
